Browser is launched
HomePage text is validated
ufClick function called
ufSendKeys function called
Text entered in textbox and pressed enter
ufClick function called
dropdown  'Highest price' value is selected
ufClick function called
dropdown  'Highest price' value is selected
ufClick function called
Couldn't find template in cache for "Extent.ftl"("en_US", UTF-8, parsed); will try to load it.
TemplateLoader.findTemplateSource("Extent_en_US.ftl"): Not found
TemplateLoader.findTemplateSource("Extent_en.ftl"): Not found
TemplateLoader.findTemplateSource("Extent.ftl"): Found
Loading template for "Extent.ftl"("en_US", UTF-8, parsed) from "jar:file:/C:/Users/blaks/.m2/repository/com/relevantcodes/extentreports/2.41.2/extentreports-2.41.2.jar!/com/relevantcodes/extentreports/view/Extent.ftl"
Couldn't find template in cache for "Extent.ftl"("en_US", UTF-8, parsed); will try to load it.
TemplateLoader.findTemplateSource("Extent_en_US.ftl"): Not found
TemplateLoader.findTemplateSource("Extent_en.ftl"): Not found
TemplateLoader.findTemplateSource("Extent.ftl"): Found
Loading template for "Extent.ftl"("en_US", UTF-8, parsed) from "jar:file:/C:/Users/blaks/.m2/repository/com/relevantcodes/extentreports/2.41.2/extentreports-2.41.2.jar!/com/relevantcodes/extentreports/view/Extent.ftl"
Log4j Property file Path :C:\Users\blaks\eclipse-workspace\ZooplaFramework/src/main/java/Configurations/log4j.properties
Browser is launched
ufClick function called
ufClick function called
ufSendKeys function called
Place with prices has been shown in page
Couldn't find template in cache for "Extent.ftl"("en_US", UTF-8, parsed); will try to load it.
TemplateLoader.findTemplateSource("Extent_en_US.ftl"): Not found
TemplateLoader.findTemplateSource("Extent_en.ftl"): Not found
TemplateLoader.findTemplateSource("Extent.ftl"): Found
Loading template for "Extent.ftl"("en_US", UTF-8, parsed) from "jar:file:/C:/Users/blaks/.m2/repository/com/relevantcodes/extentreports/2.41.2/extentreports-2.41.2.jar!/com/relevantcodes/extentreports/view/Extent.ftl"
Couldn't find template in cache for "Extent.ftl"("en_US", UTF-8, parsed); will try to load it.
TemplateLoader.findTemplateSource("Extent_en_US.ftl"): Not found
TemplateLoader.findTemplateSource("Extent_en.ftl"): Not found
TemplateLoader.findTemplateSource("Extent.ftl"): Found
Loading template for "Extent.ftl"("en_US", UTF-8, parsed) from "jar:file:/C:/Users/blaks/.m2/repository/com/relevantcodes/extentreports/2.41.2/extentreports-2.41.2.jar!/com/relevantcodes/extentreports/view/Extent.ftl"
Browser is launched
HomePage text is validated
ufClick function called
ufSendKeys function called
Text entered in textbox and pressed enter
ufClick function called
dropdown  'Highest price' value is selected
ufClick function called
dropdown  'Highest price' value is selected
ufClick function called
Couldn't find template in cache for "Extent.ftl"("en_US", UTF-8, parsed); will try to load it.
TemplateLoader.findTemplateSource("Extent_en_US.ftl"): Not found
TemplateLoader.findTemplateSource("Extent_en.ftl"): Not found
TemplateLoader.findTemplateSource("Extent.ftl"): Found
Loading template for "Extent.ftl"("en_US", UTF-8, parsed) from "jar:file:/C:/Users/blaks/.m2/repository/com/relevantcodes/extentreports/2.41.2/extentreports-2.41.2.jar!/com/relevantcodes/extentreports/view/Extent.ftl"
Couldn't find template in cache for "Extent.ftl"("en_US", UTF-8, parsed); will try to load it.
TemplateLoader.findTemplateSource("Extent_en_US.ftl"): Not found
TemplateLoader.findTemplateSource("Extent_en.ftl"): Not found
TemplateLoader.findTemplateSource("Extent.ftl"): Found
Loading template for "Extent.ftl"("en_US", UTF-8, parsed) from "jar:file:/C:/Users/blaks/.m2/repository/com/relevantcodes/extentreports/2.41.2/extentreports-2.41.2.jar!/com/relevantcodes/extentreports/view/Extent.ftl"
Log4j Property file Path :C:\Users\blaks\eclipse-workspace\ZooplaFramework/src/main/java/Configurations/log4j.properties
Browser is launched
ufClick function called
ufClick function called
ufSendKeys function called
Place with prices has been shown in page
Couldn't find template in cache for "Extent.ftl"("en_US", UTF-8, parsed); will try to load it.
TemplateLoader.findTemplateSource("Extent_en_US.ftl"): Not found
TemplateLoader.findTemplateSource("Extent_en.ftl"): Not found
TemplateLoader.findTemplateSource("Extent.ftl"): Found
Loading template for "Extent.ftl"("en_US", UTF-8, parsed) from "jar:file:/C:/Users/blaks/.m2/repository/com/relevantcodes/extentreports/2.41.2/extentreports-2.41.2.jar!/com/relevantcodes/extentreports/view/Extent.ftl"
Couldn't find template in cache for "Extent.ftl"("en_US", UTF-8, parsed); will try to load it.
TemplateLoader.findTemplateSource("Extent_en_US.ftl"): Not found
TemplateLoader.findTemplateSource("Extent_en.ftl"): Not found
TemplateLoader.findTemplateSource("Extent.ftl"): Found
Loading template for "Extent.ftl"("en_US", UTF-8, parsed) from "jar:file:/C:/Users/blaks/.m2/repository/com/relevantcodes/extentreports/2.41.2/extentreports-2.41.2.jar!/com/relevantcodes/extentreports/view/Extent.ftl"
Browser is launched
HomePage text is validated
ufClick function called
ufSendKeys function called
Text entered in textbox and pressed enter
ufClick function called
dropdown  'Highest price' value is selected
ufClick function called
dropdown  'Highest price' value is selected
ufClick function called
Couldn't find template in cache for "Extent.ftl"("en_US", UTF-8, parsed); will try to load it.
TemplateLoader.findTemplateSource("Extent_en_US.ftl"): Not found
TemplateLoader.findTemplateSource("Extent_en.ftl"): Not found
TemplateLoader.findTemplateSource("Extent.ftl"): Found
Loading template for "Extent.ftl"("en_US", UTF-8, parsed) from "jar:file:/C:/Users/blaks/.m2/repository/com/relevantcodes/extentreports/2.41.2/extentreports-2.41.2.jar!/com/relevantcodes/extentreports/view/Extent.ftl"
Couldn't find template in cache for "Extent.ftl"("en_US", UTF-8, parsed); will try to load it.
TemplateLoader.findTemplateSource("Extent_en_US.ftl"): Not found
TemplateLoader.findTemplateSource("Extent_en.ftl"): Not found
TemplateLoader.findTemplateSource("Extent.ftl"): Found
Loading template for "Extent.ftl"("en_US", UTF-8, parsed) from "jar:file:/C:/Users/blaks/.m2/repository/com/relevantcodes/extentreports/2.41.2/extentreports-2.41.2.jar!/com/relevantcodes/extentreports/view/Extent.ftl"
